<?xml version="1.0" encoding="UTF-8"?>
<!-- Generated by org.testng.reporters.JUnitXMLReporter -->
<testsuite hostname="Guest878" name="Test" tests="1" failures="1" timestamp="1 May 2018 11:02:45 GMT" time="17.975" errors="0">
  <testcase name="@AfterTest afterTest" time="0.0" classname="example.NewTest">
    <failure type="java.lang.NullPointerException">
      <![CDATA[java.lang.NullPointerException
	at example.NewTest.afterTest(NewTest.java:28)
... Removed 22 stack frames]]>
    </failure>
  </testcase> <!-- @AfterTest afterTest -->
  <testcase name="testEasy" time="0.027" classname="example.NewTest">
    <failure type="java.lang.NullPointerException">
      <![CDATA[java.lang.NullPointerException
	at example.NewTest.testEasy(NewTest.java:16)
... Removed 24 stack frames]]>
    </failure>
  </testcase> <!-- testEasy -->
</testsuite> <!-- Test -->
