<?xml version="1.0" encoding="UTF-8"?>
<testng-results skipped="0" failed="0" ignored="0" total="1" passed="1">
  <reporter-output>
  </reporter-output>
  <suite name="Default suite" duration-ms="18536" started-at="2018-05-04T14:04:42Z" finished-at="2018-05-04T14:05:01Z">
    <groups>
    </groups>
    <test name="Default test" duration-ms="18536" started-at="2018-05-04T14:04:42Z" finished-at="2018-05-04T14:05:01Z">
      <class name="example.Sel">
        <test-method status="PASS" signature="testEasy()[pri:0, instance:example.Sel@462d5aee]" name="testEasy" duration-ms="18428" started-at="2018-05-04T14:04:42Z" finished-at="2018-05-04T14:05:01Z">
          <reporter-output>
          </reporter-output>
        </test-method> <!-- testEasy -->
      </class> <!-- example.Sel -->
    </test> <!-- Default test -->
  </suite> <!-- Default suite -->
</testng-results>
